<?xml version="1.0" encoding="UTF-8"?>
<!-- Generated by org.testng.reporters.JUnitXMLReporter -->
<testsuite ignored="1" hostname="DESKTOP-8FDDQ2M" failures="0" tests="2" name="Test" time="0.062" errors="0" timestamp="2025-02-20T10:00:17 IST">
  <testcase classname="TestNG.GroupExecution" name="java" time="0.012"/>
  <testcase classname="TestNG.GroupExecution" name="manual" time="0.002"/>
  <testcase classname="TestNG.GroupExecution" name="selenium" time="0.0">
    <ignored/>
  </testcase> <!-- selenium -->
</testsuite> <!-- Test -->
